#
# A fatal error has been detected by the Java Runtime Environment:
#
#  EXCEPTION_ACCESS_VIOLATION (0xc0000005) at pc=0x7207ba9c, pid=2452, tid=0x00001488
#
# JRE version: Java(TM) SE Runtime Environment (8.0_241-b07) (build 1.8.0_241-b07)
# Java VM: Java HotSpot(TM) Client VM (25.241-b07 mixed mode, sharing windows-x86 )
# Problematic frame:
# V  [jvm.dll+0xdba9c]
#
# Failed to write core dump. Minidumps are not enabled by default on client versions of Windows
#
# If you would like to submit a bug report, please visit:
#   http://bugreport.java.com/bugreport/crash.jsp
#

---------------  T H R E A D  ---------------

Current thread (0x0269cc00):  JavaThread "main" [_thread_in_vm, id=5256, stack(0x026a0000,0x026f0000)]

siginfo: ExceptionCode=0xc0000005, reading address 0x00000000

Registers:
EAX=0x00000000, EBX=0x152e0818, ECX=0x00000000, EDX=0x7207ba60
ESP=0x026ef188, EBP=0x026ef198, ESI=0x0269cc00, EDI=0x026ef2d0
EIP=0x7207ba9c, EFLAGS=0x00010246

Top of Stack: (sp=0x026ef188)
0x026ef188:   0269cc00 00000006 026ef2d0 152e07c8
0x026ef198:   026ef1e8 63304362 0269cd40 00000000
0x026ef1a8:   6330614e 6330614b 04556e5c 0001b9ab
0x026ef1b8:   00000000 00000000 00000000 00000000
0x026ef1c8:   00000000 00000000 00000000 00000000
0x026ef1d8:   00000152 00000000 72193ea1 00000004
0x026ef1e8:   026ef2f8 633046b7 026ef200 0269cd40
0x026ef1f8:   02754a68 633061a7 0269cc00 00000000 

Instructions: (pc=0x7207ba9c)
0x7207ba7c:   00 00 81 fa ac de 00 00 74 09 e8 a5 e4 09 00 33
0x7207ba8c:   f6 eb 02 8b f1 6a 06 56 e8 87 b9 f2 ff 8b 45 0c
0x7207ba9c:   8b 08 8b 79 08 6a 04 6a 06 56 e8 f5 b8 f2 ff 83
0x7207baac:   c4 14 8b c7 5f 5e 5d c2 08 00 cc cc cc cc cc cc 


Register to memory mapping:

EAX=0x00000000 is an unknown value
EBX={method} {0x152e081c} 'update' '(LCarro;LCarro;)V' in 'Carro'
ECX=0x00000000 is an unknown value
EDX=0x7207ba60 is an unknown value
ESP=0x026ef188 is pointing into the stack for thread: 0x0269cc00
EBP=0x026ef198 is pointing into the stack for thread: 0x0269cc00
ESI=0x0269cc00 is a thread
EDI=0x026ef2d0 is pointing into the stack for thread: 0x0269cc00


Stack: [0x026a0000,0x026f0000],  sp=0x026ef188,  free space=316k
Native frames: (J=compiled Java code, j=interpreted, Vv=VM code, C=native code)
V  [jvm.dll+0xdba9c]
C  [Carro.dll+0x4362]
C  [Carro.dll+0x46b7]
C  [Carro.dll+0x4747]
j  Carro.update(LCarro;LCarro;)V+0
j  Teste.main([Ljava/lang/String;)V+71
v  ~StubRoutines::call_stub
V  [jvm.dll+0x15c5c5]
V  [jvm.dll+0x228b6e]
V  [jvm.dll+0x15c65e]
V  [jvm.dll+0xdda07]
V  [jvm.dll+0xe5f9f]
C  [java.exe+0x2363]
C  [java.exe+0xb03f]
C  [java.exe+0xb0c9]
C  [KERNEL32.DLL+0x16359]
C  [ntdll.dll+0x67b74]
C  [ntdll.dll+0x67b44]
C  0x00000000

Java frames: (J=compiled Java code, j=interpreted, Vv=VM code)
j  Carro.update(LCarro;LCarro;)V+0
j  Teste.main([Ljava/lang/String;)V+71
v  ~StubRoutines::call_stub

---------------  P R O C E S S  ---------------

Java Threads: ( => current thread )
  0x027d9800 JavaThread "Service Thread" daemon [_thread_blocked, id=9944, stack(0x15ec0000,0x15f10000)]
  0x027c1400 JavaThread "C1 CompilerThread0" daemon [_thread_blocked, id=6532, stack(0x15e30000,0x15e80000)]
  0x027c0800 JavaThread "Attach Listener" daemon [_thread_blocked, id=5912, stack(0x15da0000,0x15df0000)]
  0x027be400 JavaThread "Signal Dispatcher" daemon [_thread_blocked, id=4292, stack(0x15630000,0x15680000)]
  0x027b4c00 JavaThread "Finalizer" daemon [_thread_blocked, id=6996, stack(0x155a0000,0x155f0000)]
  0x02756c00 JavaThread "Reference Handler" daemon [_thread_blocked, id=7348, stack(0x15510000,0x15560000)]
=>0x0269cc00 JavaThread "main" [_thread_in_vm, id=5256, stack(0x026a0000,0x026f0000)]

Other Threads:
  0x02753800 VMThread [stack: 0x14a00000,0x14a50000] [id=7016]
  0x027f9400 WatcherThread [stack: 0x15f50000,0x15fa0000] [id=10484]

VM state:not at safepoint (normal execution)

VM Mutex/Monitor currently owned by a thread: None

Heap:
 def new generation   total 4928K, used 445K [0x04a00000, 0x04f50000, 0x09f50000)
  eden space 4416K,  10% used [0x04a00000, 0x04a6f7e0, 0x04e50000)
  from space 512K,   0% used [0x04e50000, 0x04e50000, 0x04ed0000)
  to   space 512K,   0% used [0x04ed0000, 0x04ed0000, 0x04f50000)
 tenured generation   total 10944K, used 0K [0x09f50000, 0x0aa00000, 0x14a00000)
   the space 10944K,   0% used [0x09f50000, 0x09f50000, 0x09f50200, 0x0aa00000)
 Metaspace       used 51K, capacity 2246K, committed 2368K, reserved 4480K

Card table byte_map: [0x048b0000,0x04940000] byte_map_base: 0x0488b000

Polling page: 0x00c60000

CodeCache: size=32768Kb used=676Kb max_used=676Kb free=32091Kb
 bounds [0x02830000, 0x028e0000, 0x04830000]
 total_blobs=155 nmethods=15 adapters=72
 compilation: enabled

Compilation events (10 events):
Event: 0.042 Thread 0x027c1400   11             java.lang.String::lastIndexOf (52 bytes)
Event: 0.042 Thread 0x027c1400 nmethod 11 0x028d7588 code [0x028d7690, 0x028d779c]
Event: 0.042 Thread 0x027c1400   12             java.lang.AbstractStringBuilder::ensureCapacityInternal (27 bytes)
Event: 0.043 Thread 0x027c1400 nmethod 12 0x028d7888 code [0x028d79a0, 0x028d7b68]
Event: 0.043 Thread 0x027c1400   13             java.lang.AbstractStringBuilder::append (29 bytes)
Event: 0.043 Thread 0x027c1400 nmethod 13 0x028d7c48 code [0x028d7d60, 0x028d7f68]
Event: 0.043 Thread 0x027c1400   14             java.lang.String::indexOf (166 bytes)
Event: 0.043 Thread 0x027c1400 nmethod 14 0x028d8108 code [0x028d8220, 0x028d8450]
Event: 0.045 Thread 0x027c1400   15             java.io.WinNTFileSystem::normalize (143 bytes)
Event: 0.046 Thread 0x027c1400 nmethod 15 0x028d8788 code [0x028d88d0, 0x028d8b4c]

GC Heap History (0 events):
No events

Deoptimization events (0 events):
No events

Classes redefined (0 events):
No events

Internal exceptions (2 events):
Event: 0.020 Thread 0x0269cc00 Exception <a 'java/lang/NoSuchMethodError': Method sun.misc.Unsafe.defineClass(Ljava/lang/String;[BII)Ljava/lang/Class; name or signature does not match> (0x04a079e8) thrown at [C:\ade\jenkins\workspace\8-2-build-windows-i586-cygwin\jdk8u241\331\hotspot\s
Event: 0.020 Thread 0x0269cc00 Exception <a 'java/lang/NoSuchMethodError': Method sun.misc.Unsafe.prefetchRead(Ljava/lang/Object;J)V name or signature does not match> (0x04a07cb8) thrown at [C:\ade\jenkins\workspace\8-2-build-windows-i586-cygwin\jdk8u241\331\hotspot\src\share\vm\prims\

Events (10 events):
Event: 0.040 loading class sun/nio/cs/ThreadLocalCoders$2
Event: 0.040 loading class sun/nio/cs/ThreadLocalCoders$2 done
Event: 0.042 loading class sun/misc/URLClassPath$FileLoader$1
Event: 0.043 loading class sun/misc/URLClassPath$FileLoader$1 done
Event: 0.045 loading class Carro
Event: 0.045 loading class Carro done
Event: 0.047 loading class RNG
Event: 0.047 loading class RNG done
Event: 0.049 loading class Carro$P
Event: 0.049 loading class Carro$P done


Dynamic libraries:
0x00b80000 - 0x00bb3000 	C:\Program Files (x86)\Java\jdk1.8.0_241\bin\java.exe
0x77e60000 - 0x77ffa000 	C:\WINDOWS\SYSTEM32\ntdll.dll
0x757f0000 - 0x758d0000 	C:\WINDOWS\System32\KERNEL32.DLL
0x75bb0000 - 0x75dad000 	C:\WINDOWS\System32\KERNELBASE.dll
0x75100000 - 0x7519f000 	C:\WINDOWS\SYSTEM32\apphelp.dll
0x756b0000 - 0x75729000 	C:\WINDOWS\System32\ADVAPI32.dll
0x76880000 - 0x7693f000 	C:\WINDOWS\System32\msvcrt.dll
0x75b30000 - 0x75ba6000 	C:\WINDOWS\System32\sechost.dll
0x76400000 - 0x764bb000 	C:\WINDOWS\System32\RPCRT4.dll
0x75630000 - 0x75650000 	C:\WINDOWS\System32\SspiCli.dll
0x75620000 - 0x7562a000 	C:\WINDOWS\System32\CRYPTBASE.dll
0x75ad0000 - 0x75b2f000 	C:\WINDOWS\System32\bcryptPrimitives.dll
0x77ad0000 - 0x77c67000 	C:\WINDOWS\System32\USER32.dll
0x77990000 - 0x779a7000 	C:\WINDOWS\System32\win32u.dll
0x75e30000 - 0x75e51000 	C:\WINDOWS\System32\GDI32.dll
0x77830000 - 0x7798a000 	C:\WINDOWS\System32\gdi32full.dll
0x75a50000 - 0x75acc000 	C:\WINDOWS\System32\msvcp_win.dll
0x779b0000 - 0x77acf000 	C:\WINDOWS\System32\ucrtbase.dll
0x74c10000 - 0x74e1f000 	C:\WINDOWS\WinSxS\x86_microsoft.windows.common-controls_6595b64144ccf1df_6.0.18362.657_none_2e72ec50278a619e\COMCTL32.dll
0x765f0000 - 0x76865000 	C:\WINDOWS\System32\combase.dll
0x75e00000 - 0x75e25000 	C:\WINDOWS\System32\IMM32.DLL
0x75040000 - 0x750ff000 	C:\Program Files (x86)\Java\jdk1.8.0_241\jre\bin\msvcr100.dll
0x71fa0000 - 0x7237a000 	C:\Program Files (x86)\Java\jdk1.8.0_241\jre\bin\client\jvm.dll
0x76870000 - 0x76876000 	C:\WINDOWS\System32\PSAPI.DLL
0x75600000 - 0x75608000 	C:\WINDOWS\SYSTEM32\WSOCK32.dll
0x75010000 - 0x75034000 	C:\WINDOWS\SYSTEM32\WINMM.dll
0x75610000 - 0x75618000 	C:\WINDOWS\SYSTEM32\VERSION.dll
0x75650000 - 0x756ae000 	C:\WINDOWS\System32\WS2_32.dll
0x74fe0000 - 0x75003000 	C:\WINDOWS\SYSTEM32\winmmbase.dll
0x75960000 - 0x7599b000 	C:\WINDOWS\System32\cfgmgr32.dll
0x74fd0000 - 0x74fdc000 	C:\Program Files (x86)\Java\jdk1.8.0_241\jre\bin\verify.dll
0x74fa0000 - 0x74fc1000 	C:\Program Files (x86)\Java\jdk1.8.0_241\jre\bin\java.dll
0x74f80000 - 0x74f94000 	C:\Program Files (x86)\Java\jdk1.8.0_241\jre\bin\zip.dll
0x75e60000 - 0x763da000 	C:\WINDOWS\System32\SHELL32.dll
0x77790000 - 0x77814000 	C:\WINDOWS\System32\shcore.dll
0x77160000 - 0x77725000 	C:\WINDOWS\System32\windows.storage.dll
0x765c0000 - 0x765d7000 	C:\WINDOWS\System32\profapi.dll
0x76940000 - 0x76983000 	C:\WINDOWS\System32\powrprof.dll
0x765e0000 - 0x765ed000 	C:\WINDOWS\System32\UMPDC.dll
0x77c70000 - 0x77cb4000 	C:\WINDOWS\System32\shlwapi.dll
0x77820000 - 0x7782f000 	C:\WINDOWS\System32\kernel.appcore.dll
0x77730000 - 0x77743000 	C:\WINDOWS\System32\cryptsp.dll
0x63300000 - 0x63313000 	C:\Users\PC\Desktop\Henrique\Inteligencia-Artificial\carrinho\src\java_app\Carro.dll
0x709c0000 - 0x709d1000 	C:\Users\PC\Desktop\Henrique\Inteligencia-Artificial\carrinho\src\java_app\RNG.dll
0x72e50000 - 0x72fdf000 	C:\WINDOWS\SYSTEM32\dbghelp.dll

VM Arguments:
java_command: Teste
java_class_path (initial): .
Launcher Type: SUN_STANDARD

Environment Variables:
JAVA_HOME=C:\Program Files (x86)\Java\jdk1.8.0_241
JRE_HOME=C:\Program Files (x86)\Java\jre1.8.0_241
PATH=C:\Program Files\Python37\Scripts\;C:\Program Files\Python37\;C:\WINDOWS\system32;C:\WINDOWS;C:\WINDOWS\System32\Wbem;C:\WINDOWS\System32\WindowsPowerShell\v1.0\;C:\WINDOWS\System32\OpenSSH\;C:\Program Files\Git\cmd;C:\Program Files\MiKTeX 2.9\miktex\bin\x64\;C:\Program Files\lua;C:\ProgramData\chocolatey\bin;C:\Program Files\MATLAB\R2018b\runtime\win64;C:\Program Files\MATLAB\R2018b\bin;C:\Android\Sdk\platform-tools;C:\Android\Sdk\tools;C:\Program Files\nodejs\;C:\Program Files (x86)\Java\jdk1.8.0_241\bin;C:\Program Files (x86)\Java\jre1.8.0_241\bin;C:\Program Files (x86)\Common Files\Oracle\Java\javapath;C:\MinGW\bin;C:\Users\PC\AppData\Local\Microsoft\WindowsApps;C:\Program Files\JetBrains\PyCharm Community Edition 2019.2.1\bin;;C:\processing-3.5.3;C:\Program Files\Sublime Text 3;C:\Program Files\JetBrains\CLion 2019.3.2\bin;;C:\Program Files\JetBrains\IntelliJ IDEA 2019.2.3\bin;;C:\Program Files\MATLAB\R2018b\bin;;C:\Program Files\JetBrains\WebStorm 2019.3.2\bin;
USERNAME=PC
OS=Windows_NT
PROCESSOR_IDENTIFIER=Intel64 Family 6 Model 42 Stepping 7, GenuineIntel



---------------  S Y S T E M  ---------------

OS: Windows 10.0 , 64 bit Build 18362 (10.0.18362.329)

CPU:total 4 (initial active 4) (4 cores per cpu, 1 threads per core) family 6 model 42 stepping 7, cmov, cx8, fxsr, mmx, sse, sse2, sse3, ssse3, sse4.1, sse4.2, popcnt, avx, aes, clmul, tsc, tscinvbit

Memory: 4k page, physical 4079628k(505964k free), swap 10895372k(5445112k free)

vm_info: Java HotSpot(TM) Client VM (25.241-b07) for windows-x86 JRE (1.8.0_241-b07), built on Dec 11 2019 10:24:16 by "rejava" with MS VC++ 10.0 (VS2010)

time: Tue Feb 25 00:12:18 2020
timezone: Hora oficial do Brasil
elapsed time: 0 seconds (0d 0h 0m 0s)

